TN:
SF:src/Applications/security/AuthenticationTokenManager.js
FN:2,(anonymous_0)
FN:6,(anonymous_1)
FN:10,(anonymous_2)
FN:14,(anonymous_3)
FNF:4
FNH:4
FNDA:1,(anonymous_0)
FNDA:1,(anonymous_1)
FNDA:1,(anonymous_2)
FNDA:1,(anonymous_3)
DA:3,1
DA:7,1
DA:11,1
DA:15,1
DA:19,6
LF:5
LH:5
BRF:0
BRH:0
end_of_record
TN:
SF:src/Applications/security/PasswordHash.js
FN:2,(anonymous_0)
FN:6,(anonymous_1)
FNF:2
FNH:2
FNDA:1,(anonymous_0)
FNDA:1,(anonymous_1)
DA:3,1
DA:7,1
DA:11,7
LF:3
LH:3
BRF:0
BRH:0
end_of_record
TN:
SF:src/Applications/use_case/AddUserUseCase.js
FN:4,(anonymous_0)
FN:9,(anonymous_1)
FNF:2
FNH:2
FNDA:3,(anonymous_0)
FNDA:9,(anonymous_1)
DA:1,4
DA:5,3
DA:6,3
DA:10,9
DA:11,5
DA:12,4
DA:13,4
DA:17,4
LF:8
LH:8
BRF:0
BRH:0
end_of_record
TN:
SF:src/Applications/use_case/UserLoginUseCase.js
FN:5,(anonymous_0)
FN:17,(anonymous_1)
FNF:2
FNH:2
FNDA:2,(anonymous_0)
FNDA:6,(anonymous_1)
DA:1,4
DA:2,4
DA:11,2
DA:12,2
DA:13,2
DA:14,2
DA:18,6
DA:20,4
DA:22,3
DA:24,2
DA:26,2
DA:28,2
DA:30,2
DA:35,2
DA:37,2
DA:41,4
LF:16
LH:16
BRF:0
BRH:0
end_of_record
TN:
SF:src/Commons/exceptions/AuthenticationError.js
FN:4,(anonymous_0)
FNF:1
FNH:1
FNDA:3,(anonymous_0)
DA:1,5
DA:5,3
DA:6,3
DA:10,5
LF:4
LH:4
BRF:0
BRH:0
end_of_record
TN:
SF:src/Commons/exceptions/ClientError.js
FN:2,(anonymous_0)
FNF:1
FNH:1
FNDA:39,(anonymous_0)
DA:3,39
DA:5,39
DA:6,1
DA:9,38
DA:10,38
DA:14,12
LF:6
LH:6
BRDA:2,0,0,35
BRDA:5,1,0,1
BRDA:5,1,1,38
BRF:3
BRH:3
end_of_record
TN:
SF:src/Commons/exceptions/DomainErrorTranslator.js
FN:4,(anonymous_0)
FNF:1
FNH:1
FNDA:16,(anonymous_0)
DA:1,4
DA:3,4
DA:5,16
DA:9,4
DA:18,4
LF:5
LH:5
BRDA:5,0,0,16
BRDA:5,0,1,6
BRF:2
BRH:2
end_of_record
TN:
SF:src/Commons/exceptions/InvariantError.js
FN:4,(anonymous_0)
FNF:1
FNH:1
FNDA:34,(anonymous_0)
DA:1,8
DA:5,34
DA:6,34
DA:10,8
LF:4
LH:4
BRF:0
BRH:0
end_of_record
TN:
SF:src/Commons/exceptions/NotFoundError.js
FN:4,(anonymous_0)
FNF:1
FNH:1
FNDA:1,(anonymous_0)
DA:1,1
DA:5,1
DA:6,1
DA:10,1
LF:4
LH:4
BRF:0
BRH:0
end_of_record
TN:
SF:src/Domains/authentications/AuthenticationRepository.js
FN:2,(anonymous_0)
FN:6,(anonymous_1)
FN:10,(anonymous_2)
FNF:3
FNH:3
FNDA:1,(anonymous_0)
FNDA:1,(anonymous_1)
FNDA:1,(anonymous_2)
DA:3,1
DA:7,1
DA:11,1
DA:15,6
LF:4
LH:4
BRF:0
BRH:0
end_of_record
TN:
SF:src/Domains/authentications/entities/MakeAuth.js
FN:2,(anonymous_0)
FN:9,(anonymous_1)
FNF:2
FNH:2
FNDA:6,(anonymous_0)
FNDA:6,(anonymous_1)
DA:3,6
DA:5,4
DA:6,4
DA:10,6
DA:12,6
DA:13,1
DA:16,5
DA:17,1
DA:22,5
LF:9
LH:9
BRDA:12,0,0,1
BRDA:12,0,1,5
BRDA:12,1,0,6
BRDA:12,1,1,6
BRDA:16,2,0,1
BRDA:16,2,1,4
BRDA:16,3,0,5
BRDA:16,3,1,5
BRF:8
BRH:8
end_of_record
TN:
SF:src/Domains/users/UserRepository.js
FN:2,(anonymous_0)
FN:6,(anonymous_1)
FN:10,(anonymous_2)
FN:14,(anonymous_3)
FNF:4
FNH:4
FNDA:1,(anonymous_0)
FNDA:1,(anonymous_1)
FNDA:1,(anonymous_2)
FNDA:1,(anonymous_3)
DA:3,1
DA:7,1
DA:11,1
DA:15,1
DA:19,7
LF:5
LH:5
BRF:0
BRH:0
end_of_record
TN:
SF:src/Domains/users/entities/RegisterUser.js
FN:2,(anonymous_0)
FN:12,(anonymous_1)
FNF:2
FNH:2
FNDA:17,(anonymous_0)
FNDA:17,(anonymous_1)
DA:3,17
DA:5,9
DA:7,9
DA:8,9
DA:9,9
DA:13,17
DA:14,2
DA:17,15
DA:18,2
DA:21,13
DA:22,2
DA:25,11
DA:26,2
DA:31,6
LF:14
LH:14
BRDA:13,0,0,2
BRDA:13,0,1,15
BRDA:13,1,0,17
BRDA:13,1,1,16
BRDA:13,1,2,16
BRDA:17,2,0,2
BRDA:17,2,1,13
BRDA:17,3,0,15
BRDA:17,3,1,14
BRDA:17,3,2,14
BRDA:21,4,0,2
BRDA:21,4,1,11
BRDA:25,5,0,2
BRDA:25,5,1,9
BRF:14
BRH:14
end_of_record
TN:
SF:src/Domains/users/entities/RegisteredUser.js
FN:2,(anonymous_0)
FN:13,(anonymous_1)
FNF:2
FNH:2
FNDA:11,(anonymous_0)
FNDA:11,(anonymous_1)
DA:3,11
DA:5,9
DA:7,9
DA:8,9
DA:9,9
DA:14,11
DA:15,1
DA:18,10
DA:19,1
DA:24,6
LF:10
LH:10
BRDA:14,0,0,1
BRDA:14,0,1,10
BRDA:14,1,0,11
BRDA:14,1,1,10
BRDA:14,1,2,10
BRDA:18,2,0,1
BRDA:18,2,1,9
BRDA:18,3,0,10
BRDA:18,3,1,9
BRDA:18,3,2,9
BRF:10
BRH:10
end_of_record
TN:
SF:src/Domains/users/entities/UserLogin.js
FN:2,(anonymous_0)
FN:9,(anonymous_1)
FNF:2
FNH:2
FNDA:9,(anonymous_0)
FNDA:9,(anonymous_1)
DA:3,9
DA:5,5
DA:6,5
DA:10,9
DA:12,9
DA:13,2
DA:16,7
DA:17,2
DA:22,5
LF:9
LH:9
BRDA:12,0,0,2
BRDA:12,0,1,7
BRDA:12,1,0,9
BRDA:12,1,1,9
BRDA:16,2,0,2
BRDA:16,2,1,5
BRDA:16,3,0,7
BRDA:16,3,1,6
BRF:8
BRH:8
end_of_record
TN:
SF:src/Infrastructures/http/createServer.js
FN:7,(anonymous_0)
FN:24,(anonymous_1)
FNF:2
FNH:2
FNDA:13,(anonymous_0)
FNDA:15,(anonymous_1)
DA:1,3
DA:2,3
DA:3,3
DA:4,3
DA:5,3
DA:7,3
DA:8,13
DA:13,13
DA:24,13
DA:26,15
DA:28,15
DA:30,11
DA:33,11
DA:34,9
DA:38,9
DA:39,9
DA:43,2
DA:44,1
DA:48,1
DA:52,1
DA:53,1
DA:57,4
DA:60,13
DA:63,3
LF:24
LH:24
BRDA:28,0,0,11
BRDA:28,0,1,4
BRDA:33,1,0,9
BRDA:33,1,1,2
BRDA:43,2,0,1
BRDA:43,2,1,1
BRF:6
BRH:6
end_of_record
TN:
SF:src/Infrastructures/repository/AuthenticationRepositoryPostgres.js
FN:4,(anonymous_0)
FN:9,(anonymous_1)
FNF:2
FNH:2
FNDA:3,(anonymous_0)
FNDA:2,(anonymous_1)
DA:1,4
DA:5,3
DA:6,3
DA:10,2
DA:15,2
DA:19,4
LF:6
LH:6
BRF:0
BRH:0
end_of_record
TN:
SF:src/Infrastructures/repository/UserRepositoryPostgres.js
FN:6,(anonymous_0)
FN:12,(anonymous_1)
FN:27,(anonymous_2)
FN:43,(anonymous_3)
FN:61,(anonymous_4)
FNF:5
FNH:5
FNDA:9,(anonymous_0)
FNDA:6,(anonymous_1)
FNDA:5,(anonymous_2)
FNDA:3,(anonymous_3)
FNDA:3,(anonymous_4)
DA:1,4
DA:2,4
DA:3,4
DA:7,9
DA:8,9
DA:9,9
DA:13,6
DA:20,6
DA:22,6
DA:23,2
DA:28,5
DA:29,5
DA:31,5
DA:38,5
DA:40,5
DA:45,3
DA:52,3
DA:54,3
DA:55,1
DA:58,2
DA:62,3
DA:69,3
DA:71,3
DA:72,1
DA:75,2
DA:77,2
DA:81,4
LF:27
LH:27
BRDA:22,0,0,2
BRDA:22,0,1,4
BRDA:54,1,0,1
BRDA:54,1,1,2
BRDA:71,2,0,1
BRDA:71,2,1,2
BRF:6
BRH:6
end_of_record
TN:
SF:src/Infrastructures/security/BcryptPasswordHash.js
FN:5,(anonymous_0)
FN:11,(anonymous_1)
FN:15,(anonymous_2)
FNF:3
FNH:3
FNDA:6,(anonymous_0)
FNDA:5,(anonymous_1)
FNDA:4,(anonymous_2)
DA:1,4
DA:2,4
DA:6,6
DA:7,6
DA:8,6
DA:12,5
DA:16,4
DA:18,4
DA:19,2
DA:25,4
LF:10
LH:10
BRDA:5,0,0,6
BRDA:18,1,0,2
BRDA:18,1,1,2
BRF:3
BRH:3
end_of_record
TN:
SF:src/Infrastructures/security/JwtTokenManager.js
FN:5,(anonymous_0)
FN:10,(anonymous_1)
FN:14,(anonymous_2)
FN:18,(anonymous_3)
FN:27,(anonymous_4)
FNF:5
FNH:5
FNDA:7,(anonymous_0)
FNDA:4,(anonymous_1)
FNDA:3,(anonymous_2)
FNDA:2,(anonymous_3)
FNDA:1,(anonymous_4)
DA:1,4
DA:2,4
DA:6,7
DA:7,7
DA:11,4
DA:15,3
DA:19,2
DA:20,2
DA:21,2
DA:23,1
DA:28,1
DA:29,1
DA:33,4
LF:13
LH:13
BRF:0
BRH:0
end_of_record
TN:
SF:src/Interfaces/http/api/authentications/handler.js
FN:4,(anonymous_0)
FN:10,(anonymous_1)
FNF:2
FNH:2
FNDA:13,(anonymous_0)
FNDA:5,(anonymous_1)
DA:1,3
DA:5,13
DA:7,13
DA:11,5
DA:12,5
DA:13,1
DA:20,1
DA:21,1
DA:25,3
LF:9
LH:9
BRF:0
BRH:0
end_of_record
TN:
SF:src/Interfaces/http/api/authentications/index.js
FN:6,(anonymous_0)
FNF:1
FNH:1
FNDA:13,(anonymous_0)
DA:1,3
DA:2,3
DA:4,3
DA:7,13
DA:8,13
LF:5
LH:5
BRF:0
BRH:0
end_of_record
TN:
SF:src/Interfaces/http/api/authentications/routes.js
FN:1,(anonymous_0)
FNF:1
FNH:1
FNDA:13,(anonymous_0)
DA:1,13
DA:9,3
LF:2
LH:2
BRF:0
BRH:0
end_of_record
TN:
SF:src/Interfaces/http/api/users/handler.js
FN:4,(anonymous_0)
FN:10,(anonymous_1)
FNF:2
FNH:2
FNDA:13,(anonymous_0)
FNDA:9,(anonymous_1)
DA:1,3
DA:5,13
DA:7,13
DA:11,9
DA:12,8
DA:14,3
DA:21,3
DA:22,3
DA:26,3
LF:9
LH:9
BRF:0
BRH:0
end_of_record
TN:
SF:src/Interfaces/http/api/users/index.js
FN:6,(anonymous_0)
FNF:1
FNH:1
FNDA:13,(anonymous_0)
DA:1,3
DA:2,3
DA:4,3
DA:7,13
DA:8,13
LF:5
LH:5
BRF:0
BRH:0
end_of_record
TN:
SF:src/Interfaces/http/api/users/routes.js
FN:1,(anonymous_0)
FNF:1
FNH:1
FNDA:13,(anonymous_0)
DA:1,13
DA:9,3
LF:2
LH:2
BRF:0
BRH:0
end_of_record
